Arguments: 
  /home/jeremie/.nvm/versions/node/v14.14.0/bin/node /usr/share/yarn/bin/yarn.js add --dev typescript

PATH: 
  /home/jeremie/.pyenv/plugins/pyenv-virtualenv/shims:/home/jeremie/.pyenv/shims:/home/jeremie/.pyenv/bin:/home/jeremie/.vscode-server/bin/fcac248b077b55bae4ba5bab613fd6e9156c2f0c/bin:/home/jeremie/.pyenv/plugins/pyenv-virtualenv/shims:/home/jeremie/.pyenv/shims:/home/jeremie/.pyenv/bin:/home/jeremie/.nvm/versions/node/v14.14.0/bin:/home/linuxbrew/.linuxbrew/bin:/home/linuxbrew/.linuxbrew/sbin:/usr/local/sbin:/usr/local/bin:/usr/sbin:/usr/bin:/sbin:/bin:/usr/games:/usr/local/games:/mnt/c/Windows/system32:/mnt/c/Windows:/mnt/c/Windows/System32/Wbem:/mnt/c/Windows/System32/WindowsPowerShell/v1.0/:/mnt/c/Windows/System32/OpenSSH/:/mnt/c/Program Files (x86)/NVIDIA Corporation/PhysX/Common:/mnt/c/Program Files/NVIDIA Corporation/NVIDIA NvDLISR:/mnt/c/WINDOWS/system32:/mnt/c/WINDOWS:/mnt/c/WINDOWS/System32/Wbem:/mnt/c/WINDOWS/System32/WindowsPowerShell/v1.0/:/mnt/c/WINDOWS/System32/OpenSSH/:/mnt/c/Program Files/dotnet/:/mnt/c/ProgramData/chocolatey/bin:/mnt/c/Program Files/Docker/Docker/resources/bin:/mnt/c/ProgramData/DockerDesktop/version-bin:/mnt/c/Users/zgar9/AppData/Local/Microsoft/WindowsApps:/mnt/c/Users/zgar9/AppData/Local/Programs/Microsoft VS Code/bin:/home/jeremie/.yarn/bin:/home/jeremie/.bin:/home/jeremie/.yarn/bin:/home/jeremie/.bin

Yarn version: 
  1.22.5

Node version: 
  14.14.0

Platform: 
  linux x64

Trace: 
  Error: https://npm.pkg.github.com/@p-j%2feapi-types: npm package "eapi-types" does not exist under owner "p-j"
      at Request.params.callback [as _callback] (/usr/share/yarn/lib/cli.js:66988:18)
      at Request.self.callback (/usr/share/yarn/lib/cli.js:140749:22)
      at Request.emit (events.js:315:20)
      at Request.<anonymous> (/usr/share/yarn/lib/cli.js:141721:10)
      at Request.emit (events.js:315:20)
      at IncomingMessage.<anonymous> (/usr/share/yarn/lib/cli.js:141643:12)
      at Object.onceWrapper (events.js:421:28)
      at IncomingMessage.emit (events.js:327:22)
      at endReadableNT (_stream_readable.js:1327:12)
      at processTicksAndRejections (internal/process/task_queues.js:80:21)

npm manifest: 
  {
    "name": "@p-j/eapi-middleware-cache",
    "version": "1.0.0",
    "description": "A cache middleware to work within an EAPI app. Check worker-eapi-template for context.",
    "main": "index.js",
    "scripts": {
      "test": "echo \"Error: no test specified\" && exit 1"
    },
    "keywords": [
      "eapi",
      "workers",
      "cloudflare",
      "cloudflare-workers",
      "middleware",
      "cache"
    ],
    "author": "Jérémie Parker <github@jeremie-parker.com>",
    "license": "MIT",
    "dependencies": {},
    "devDependencies": {
      "@p-j/eapi-types": "^1.0.0"
    }
  }

yarn manifest: 
  No manifest

Lockfile: 
  No lockfile
